<?xml version="1.0" encoding="UTF-8"?>
<testng-results ignored="0" total="8" passed="8" failed="0" skipped="0">
  <reporter-output>
  </reporter-output>
  <suite started-at="2022-10-31T14:31:54 NZDT" name="Suite" finished-at="2022-10-31T14:31:54 NZDT" duration-ms="124">
    <groups>
    </groups>
    <test started-at="2022-10-31T14:31:54 NZDT" name="Test1" finished-at="2022-10-31T14:31:54 NZDT" duration-ms="53">
      <class name="test.first">
        <test-method is-config="true" signature="RunEveryTest()[pri:0, instance:test.first@5f9b2141]" started-at="2022-10-31T14:31:54 NZDT" name="RunEveryTest" finished-at="2022-10-31T14:31:54 NZDT" duration-ms="3" status="PASS">
          <reporter-output>
          </reporter-output>
        </test-method> <!-- RunEveryTest -->
        <test-method signature="EnterDetails()[pri:0, instance:test.first@5f9b2141]" started-at="2022-10-31T14:31:54 NZDT" name="EnterDetails" finished-at="2022-10-31T14:31:54 NZDT" duration-ms="4" status="PASS">
          <reporter-output>
          </reporter-output>
        </test-method> <!-- EnterDetails -->
        <test-method is-config="true" signature="RunEveryTest()[pri:0, instance:test.first@5f9b2141]" started-at="2022-10-31T14:31:54 NZDT" name="RunEveryTest" finished-at="2022-10-31T14:31:54 NZDT" duration-ms="1" status="PASS">
          <reporter-output>
          </reporter-output>
        </test-method> <!-- RunEveryTest -->
        <test-method signature="Login(java.lang.String,java.lang.String)[pri:0, instance:test.first@5f9b2141]" started-at="2022-10-31T14:31:54 NZDT" name="Login" data-provider="getData" finished-at="2022-10-31T14:31:54 NZDT" duration-ms="1" status="PASS">
          <params>
            <param index="0">
              <value>
                <![CDATA[user1]]>
              </value>
            </param>
            <param index="1">
              <value>
                <![CDATA[password1]]>
              </value>
            </param>
          </params>
          <reporter-output>
          </reporter-output>
        </test-method> <!-- Login -->
        <test-method signature="Login(java.lang.String,java.lang.String)[pri:0, instance:test.first@5f9b2141]" started-at="2022-10-31T14:31:54 NZDT" name="Login" data-provider="getData" finished-at="2022-10-31T14:31:54 NZDT" duration-ms="2" status="PASS">
          <params>
            <param index="0">
              <value>
                <![CDATA[user2]]>
              </value>
            </param>
            <param index="1">
              <value>
                <![CDATA[password2]]>
              </value>
            </param>
          </params>
          <reporter-output>
          </reporter-output>
        </test-method> <!-- Login -->
        <test-method is-config="true" signature="RunEveryTest()[pri:0, instance:test.first@5f9b2141]" started-at="2022-10-31T14:31:54 NZDT" name="RunEveryTest" finished-at="2022-10-31T14:31:54 NZDT" duration-ms="0" status="PASS">
          <reporter-output>
          </reporter-output>
        </test-method> <!-- RunEveryTest -->
        <test-method is-config="true" signature="RunEveryTest()[pri:0, instance:test.first@5f9b2141]" started-at="2022-10-31T14:31:54 NZDT" name="RunEveryTest" finished-at="2022-10-31T14:31:54 NZDT" duration-ms="0" status="PASS">
          <reporter-output>
          </reporter-output>
        </test-method> <!-- RunEveryTest -->
        <test-method signature="Login(java.lang.String,java.lang.String)[pri:0, instance:test.first@5f9b2141]" started-at="2022-10-31T14:31:54 NZDT" name="Login" data-provider="getData" finished-at="2022-10-31T14:31:54 NZDT" duration-ms="1" status="PASS">
          <params>
            <param index="0">
              <value>
                <![CDATA[user3]]>
              </value>
            </param>
            <param index="1">
              <value>
                <![CDATA[password3]]>
              </value>
            </param>
          </params>
          <reporter-output>
          </reporter-output>
        </test-method> <!-- Login -->
        <test-method is-config="true" signature="RunEveryTest()[pri:0, instance:test.first@5f9b2141]" started-at="2022-10-31T14:31:54 NZDT" name="RunEveryTest" finished-at="2022-10-31T14:31:54 NZDT" duration-ms="0" status="PASS">
          <reporter-output>
          </reporter-output>
        </test-method> <!-- RunEveryTest -->
        <test-method signature="Logoff()[pri:0, instance:test.first@5f9b2141]" started-at="2022-10-31T14:31:54 NZDT" name="Logoff" finished-at="2022-10-31T14:31:54 NZDT" duration-ms="1" status="PASS">
          <reporter-output>
          </reporter-output>
        </test-method> <!-- Logoff -->
      </class> <!-- test.first -->
    </test> <!-- Test1 -->
    <test started-at="2022-10-31T14:31:54 NZDT" name="Test2" finished-at="2022-10-31T14:31:54 NZDT" duration-ms="9">
      <class name="test.first">
        <test-method is-config="true" signature="RunEverySuite()[pri:0, instance:test.first@5f9b2141]" started-at="2022-10-31T14:31:54 NZDT" name="RunEverySuite" finished-at="2022-10-31T14:31:54 NZDT" duration-ms="0" status="PASS">
          <reporter-output>
          </reporter-output>
        </test-method> <!-- RunEverySuite -->
      </class> <!-- test.first -->
      <class name="test.second">
        <test-method signature="EnterDetails()[pri:0, instance:test.second@156b88f5]" started-at="2022-10-31T14:31:54 NZDT" name="EnterDetails" finished-at="2022-10-31T14:31:54 NZDT" duration-ms="2" status="PASS">
          <reporter-output>
          </reporter-output>
        </test-method> <!-- EnterDetails -->
        <test-method signature="Login()[pri:0, instance:test.second@156b88f5]" started-at="2022-10-31T14:31:54 NZDT" name="Login" finished-at="2022-10-31T14:31:54 NZDT" duration-ms="1" status="PASS">
          <reporter-output>
          </reporter-output>
        </test-method> <!-- Login -->
        <test-method signature="Logoff()[pri:0, instance:test.second@156b88f5]" started-at="2022-10-31T14:31:54 NZDT" name="Logoff" finished-at="2022-10-31T14:31:54 NZDT" duration-ms="1" status="PASS">
          <reporter-output>
          </reporter-output>
        </test-method> <!-- Logoff -->
      </class> <!-- test.second -->
    </test> <!-- Test2 -->
  </suite> <!-- Suite -->
</testng-results>
