<?xml version="1.0" encoding="UTF-8"?>
<!-- Generated by org.testng.reporters.JUnitXMLReporter -->
<testsuite ignored="0" hostname="LAPTOP219" failures="1" tests="3" name="Test" time="22.709" errors="0" timestamp="2022-11-07T13:38:35 NZDT">
  <testcase classname="Testing.Tests.TestOrder" name="SubmitOrder" time="5.698"/>
  <testcase classname="Testing.Tests.TestOrder" name="SubmitOrder" time="1.288">
    <failure type="java.lang.NullPointerException" message="Cannot invoke &amp;quot;org.openqa.selenium.WebElement.findElement(org.openqa.selenium.By)&amp;quot; because &amp;quot;product&amp;quot; is null">
      <![CDATA[java.lang.NullPointerException: Cannot invoke "org.openqa.selenium.WebElement.findElement(org.openqa.selenium.By)" because "product" is null
at Testing.PageObjects.Page_Home.addProductToCart(Page_Home.java:62)
at Testing.Tests.TestOrder.SubmitOrder(TestOrder.java:48)
at java.base/java.util.ArrayList.forEach(ArrayList.java:1511)
... Removed 27 stack frames]]>
    </failure>
  </testcase> <!-- SubmitOrder -->
  <testcase classname="Testing.Tests.TestOrder" name="ValidateOrder" time="0.0">
    <skipped/>
  </testcase> <!-- ValidateOrder -->
</testsuite> <!-- Test -->
