<?xml version="1.0" encoding="UTF-8"?>
<testng-results ignored="0" total="1" passed="1" failed="0" skipped="0">
  <reporter-output>
  </reporter-output>
  <suite started-at="2022-11-04T14:38:40 NZDT" name="Default suite" finished-at="2022-11-04T14:38:45 NZDT" duration-ms="4951">
    <groups>
    </groups>
    <test started-at="2022-11-04T14:38:40 NZDT" name="Default test" finished-at="2022-11-04T14:38:45 NZDT" duration-ms="4951">
      <class name="Testing.ExtentReports.ExtentReportDemo">
        <test-method is-config="true" signature="config()[pri:0, instance:Testing.ExtentReports.ExtentReportDemo@60bd273d]" started-at="2022-11-04T14:38:40 NZDT" name="config" finished-at="2022-11-04T14:38:40 NZDT" duration-ms="197" status="PASS">
          <reporter-output>
          </reporter-output>
        </test-method> <!-- config -->
        <test-method signature="initialDemo()[pri:0, instance:Testing.ExtentReports.ExtentReportDemo@60bd273d]" started-at="2022-11-04T14:38:40 NZDT" name="initialDemo" finished-at="2022-11-04T14:38:45 NZDT" duration-ms="4723" status="PASS">
          <reporter-output>
          </reporter-output>
        </test-method> <!-- initialDemo -->
      </class> <!-- Testing.ExtentReports.ExtentReportDemo -->
    </test> <!-- Default test -->
  </suite> <!-- Default suite -->
</testng-results>
