<?xml version="1.0" encoding="UTF-8"?>
<!-- Generated by org.testng.reporters.JUnitXMLReporter -->
<testsuite ignored="0" hostname="LAPTOP219" failures="0" tests="5" name="Test1" time="0.053" errors="0" timestamp="2022-10-31T14:31:54 NZDT">
  <testcase classname="test.first" name="EnterDetails" time="0.004"/>
  <testcase classname="test.first" name="Login" time="0.001"/>
  <testcase classname="test.first" name="Login" time="0.002"/>
  <testcase classname="test.first" name="Login" time="0.001"/>
  <testcase classname="test.first" name="Logoff" time="0.001"/>
</testsuite> <!-- Test1 -->
